<?xml version="1.0" encoding="UTF-8"?>
<testsuite xmlns:xsi="http://www.w3.org/2001/XMLSchema-instance" xsi:noNamespaceSchemaLocation="https://maven.apache.org/surefire/maven-surefire-plugin/xsd/surefire-test-report-3.0.xsd" version="3.0" name="spl.lae.LinearAlgebraEngineTest" time="0.019" tests="5" errors="0" skipped="0" failures="0">
  <properties>
[...]
</properties>
  <testcase name="testNegationAndTranspose" classname="spl.lae.LinearAlgebraEngineTest" time="0.006">
    <system-out><![CDATA[Worker 0: Time Used = 12500 ns, Time Idle = 4185600 ns, Fatigue = 9,505.291307
Worker 1: Time Used = 0 ns, Time Idle = 0 ns, Fatigue = 0.000000
Worker 2: Time Used = 0 ns, Time Idle = 0 ns, Fatigue = 0.000000
Worker 3: Time Used = 12600 ns, Time Idle = 3874300 ns, Fatigue = 18,437.901052
Average Fatigue: 6985.80
Fairness value: 235101258.24

Fairness: 2.3510125824130082E8
]]></system-out>
  </testcase>
  <testcase name="testSimpleAddition" classname="spl.lae.LinearAlgebraEngineTest" time="0.0">
    <system-out><![CDATA[Worker 0: Time Used = 9600 ns, Time Idle = 1337400 ns, Fatigue = 6,929.074019
Worker 1: Time Used = 0 ns, Time Idle = 0 ns, Fatigue = 0.000000
Worker 2: Time Used = 0 ns, Time Idle = 0 ns, Fatigue = 0.000000
Worker 3: Time Used = 24000 ns, Time Idle = 958600 ns, Fatigue = 14,033.373704
Average Fatigue: 5240.61
Fairness value: 135091590.64

Fairness: 1.3509159063738522E8
]]></system-out>
  </testcase>
  <testcase name="testDeepTreeResolution" classname="spl.lae.LinearAlgebraEngineTest" time="0.008">
    <system-out><![CDATA[Worker 0: Time Used = 72400 ns, Time Idle = 2007800 ns, Fatigue = 41,992.164544
Worker 1: Time Used = 57200 ns, Time Idle = 1476600 ns, Fatigue = 71,563.155214
Worker 2: Time Used = 31000 ns, Time Idle = 1591800 ns, Fatigue = 35,300.731419
Worker 3: Time Used = 37700 ns, Time Idle = 801900 ns, Fatigue = 44,972.698340
Average Fatigue: 48457.19
Fairness value: 760916267.16

Fairness: 7.609162671578833E8
]]></system-out>
  </testcase>
  <testcase name="testAssociativeNestingIntegration" classname="spl.lae.LinearAlgebraEngineTest" time="0.0">
    <system-out><![CDATA[Worker 0: Time Used = 18800 ns, Time Idle = 1019600 ns, Fatigue = 23,061.543412
Worker 1: Time Used = 0 ns, Time Idle = 0 ns, Fatigue = 0.000000
Worker 2: Time Used = 0 ns, Time Idle = 0 ns, Fatigue = 0.000000
Worker 3: Time Used = 14000 ns, Time Idle = 615800 ns, Fatigue = 7,247.452183
Average Fatigue: 7577.25
Fairness value: 354701544.18

Fairness: 3.547015441822094E8
]]></system-out>
  </testcase>
  <testcase name="testMatrixOnlyInput" classname="spl.lae.LinearAlgebraEngineTest" time="0.005">
    <system-out><![CDATA[Worker 0: Time Used = 0 ns, Time Idle = 0 ns, Fatigue = 0.000000
Worker 1: Time Used = 0 ns, Time Idle = 0 ns, Fatigue = 0.000000
Worker 2: Time Used = 0 ns, Time Idle = 0 ns, Fatigue = 0.000000
Worker 3: Time Used = 0 ns, Time Idle = 0 ns, Fatigue = 0.000000
Average Fatigue: 0.00
Fairness value: 0.00

Fairness: 0.0
]]></system-out>
  </testcase>
</testsuite>