<?xml version="1.0" encoding="UTF-8"?>
<testsuite xmlns:xsi="http://www.w3.org/2001/XMLSchema-instance" xsi:noNamespaceSchemaLocation="https://maven.apache.org/surefire/maven-surefire-plugin/xsd/surefire-test-report-3.0.xsd" version="3.0" name="spl.lae.LinearAlgebraEngineTest" time="0.017" tests="5" errors="0" skipped="0" failures="0">
  <properties>
[...]
</properties>
  <testcase name="testNegationAndTranspose" classname="spl.lae.LinearAlgebraEngineTest" time="0.002">
    <system-out><![CDATA[Worker 0: Time Used = 15700 ns, Time Idle = 2062000 ns, Fatigue = 15,052.789427
Worker 1: Time Used = 0 ns, Time Idle = 0 ns, Fatigue = 0.000000
Worker 2: Time Used = 0 ns, Time Idle = 0 ns, Fatigue = 0.000000
Worker 3: Time Used = 16000 ns, Time Idle = 2116600 ns, Fatigue = 13,405.826560
Average Fatigue: 7114.65
Fairness value: 203829449.31

Fairness: 2.0382944930744445E8
]]></system-out>
  </testcase>
  <testcase name="testSimpleAddition" classname="spl.lae.LinearAlgebraEngineTest" time="0.004">
    <system-out><![CDATA[Worker 0: Time Used = 28800 ns, Time Idle = 1089500 ns, Fatigue = 40,664.669420
Worker 1: Time Used = 0 ns, Time Idle = 0 ns, Fatigue = 0.000000
Worker 2: Time Used = 0 ns, Time Idle = 0 ns, Fatigue = 0.000000
Worker 3: Time Used = 23700 ns, Time Idle = 855700 ns, Fatigue = 25,267.653613
Average Fatigue: 16483.08
Fairness value: 1205301853.02

Fairness: 1.2053018530170088E9
]]></system-out>
  </testcase>
  <testcase name="testDeepTreeResolution" classname="spl.lae.LinearAlgebraEngineTest" time="0.002">
    <system-out><![CDATA[Worker 0: Time Used = 86300 ns, Time Idle = 799100 ns, Fatigue = 106,319.890132
Worker 1: Time Used = 10200 ns, Time Idle = 1013100 ns, Fatigue = 7,545.046526
Worker 2: Time Used = 22800 ns, Time Idle = 945800 ns, Fatigue = 16,843.964157
Worker 3: Time Used = 23000 ns, Time Idle = 603900 ns, Fatigue = 18,139.629345
Average Fatigue: 37212.13
Fairness value: 6434640813.38

Fairness: 6.434640813383013E9
]]></system-out>
  </testcase>
  <testcase name="testAssociativeNestingIntegration" classname="spl.lae.LinearAlgebraEngineTest" time="0.003">
    <system-out><![CDATA[Worker 0: Time Used = 14900 ns, Time Idle = 661800 ns, Fatigue = 20,463.051578
Worker 1: Time Used = 0 ns, Time Idle = 0 ns, Fatigue = 0.000000
Worker 2: Time Used = 0 ns, Time Idle = 0 ns, Fatigue = 0.000000
Worker 3: Time Used = 20500 ns, Time Idle = 428000 ns, Fatigue = 19,788.755661
Average Fatigue: 10062.95
Fairness value: 405279334.00

Fairness: 4.052793340002908E8
]]></system-out>
  </testcase>
  <testcase name="testMatrixOnlyInput" classname="spl.lae.LinearAlgebraEngineTest" time="0.002">
    <system-out><![CDATA[Worker 0: Time Used = 0 ns, Time Idle = 0 ns, Fatigue = 0.000000
Worker 1: Time Used = 0 ns, Time Idle = 0 ns, Fatigue = 0.000000
Worker 2: Time Used = 0 ns, Time Idle = 0 ns, Fatigue = 0.000000
Worker 3: Time Used = 0 ns, Time Idle = 0 ns, Fatigue = 0.000000
Average Fatigue: 0.00
Fairness value: 0.00

Fairness: 0.0
]]></system-out>
  </testcase>
</testsuite>