<?xml version="1.0" encoding="UTF-8"?>
<testsuite xmlns:xsi="http://www.w3.org/2001/XMLSchema-instance" xsi:noNamespaceSchemaLocation="https://maven.apache.org/surefire/maven-surefire-plugin/xsd/surefire-test-report-3.0.xsd" version="3.0" name="memory.SharedVectorTest" time="0.032" tests="16" errors="0" skipped="0" failures="0">
  <properties>
[...]
</properties>
  <testcase name="getOrientation" classname="memory.SharedVectorTest" time="0.001"/>
  <testcase name="writeLock" classname="memory.SharedVectorTest" time="0.001"/>
  <testcase name="vecMatMulIdentity" classname="memory.SharedVectorTest" time="0.001"/>
  <testcase name="vecMatMulDimensionMismatch" classname="memory.SharedVectorTest" time="0.002"/>
  <testcase name="length" classname="memory.SharedVectorTest" time="0.0"/>
  <testcase name="negate" classname="memory.SharedVectorTest" time="0.003"/>
  <testcase name="readLock" classname="memory.SharedVectorTest" time="0.001"/>
  <testcase name="readUnlock" classname="memory.SharedVectorTest" time="0.001"/>
  <testcase name="add" classname="memory.SharedVectorTest" time="0.003"/>
  <testcase name="dot" classname="memory.SharedVectorTest" time="0.001"/>
  <testcase name="get" classname="memory.SharedVectorTest" time="0.001"/>
  <testcase name="vecMatMulWrongOrientation" classname="memory.SharedVectorTest" time="0.001"/>
  <testcase name="transpose" classname="memory.SharedVectorTest" time="0.0"/>
  <testcase name="vecMatMulToScalar" classname="memory.SharedVectorTest" time="0.001"/>
  <testcase name="vecMatMul" classname="memory.SharedVectorTest" time="0.002"/>
  <testcase name="writeUnlock" classname="memory.SharedVectorTest" time="0.001"/>
</testsuite>