<?xml version="1.0" encoding="UTF-8"?>
<testsuite xmlns:xsi="http://www.w3.org/2001/XMLSchema-instance" xsi:noNamespaceSchemaLocation="https://maven.apache.org/surefire/maven-surefire-plugin/xsd/surefire-test-report-3.0.xsd" version="3.0" name="scheduling.TiredExecutorTest" time="0.566" tests="3" errors="0" skipped="0" failures="0">
  <properties>
[...]
</properties>
  <testcase name="testTaskDistribution" classname="scheduling.TiredExecutorTest" time="0.209">
    <system-out><![CDATA[Fairness: 1.0045805111535796E16
]]></system-out>
  </testcase>
  <testcase name="testWorkerReportFormatting" classname="scheduling.TiredExecutorTest" time="0.053">
    <system-out><![CDATA[Fairness: 4837544.238143112
]]></system-out>
  </testcase>
  <testcase name="testSubmitAllBlocksUntilFinished" classname="scheduling.TiredExecutorTest" time="0.303">
    <system-out><![CDATA[Fairness: 3.995302131006722E16
]]></system-out>
  </testcase>
</testsuite>